Apr 26 14:12:30 Installed: mpfr-3.1.1-4.el7.x86_64
Apr 26 14:12:30 Installed: libmpc-1.0.1-3.el7.x86_64
Apr 26 14:12:30 Installed: m4-1.4.16-10.el7.x86_64
Apr 26 14:12:30 Installed: libquadmath-4.8.5-16.el7_4.2.x86_64
Apr 26 14:12:30 Installed: apr-1.4.8-3.el7_4.1.x86_64
Apr 26 14:12:30 Installed: apr-util-1.5.2-6.el7.x86_64
Apr 26 14:12:30 Installed: zip-3.0-11.el7.x86_64
Apr 26 14:12:30 Installed: unzip-6.0-16.el7.x86_64
Apr 26 14:12:30 Installed: avahi-libs-0.6.31-17.el7.x86_64
Apr 26 14:12:30 Installed: boost-system-1.53.0-27.el7.x86_64
Apr 26 14:12:31 Installed: patch-2.7.1-8.el7.x86_64
Apr 26 14:12:31 Installed: boost-thread-1.53.0-27.el7.x86_64
Apr 26 14:12:31 Installed: libgfortran-4.8.5-16.el7_4.2.x86_64
Apr 26 14:12:31 Installed: cpp-4.8.5-16.el7_4.2.x86_64
Apr 26 14:12:32 Installed: 1:perl-parent-0.225-244.el7.noarch
Apr 26 14:12:32 Installed: perl-HTTP-Tiny-0.033-3.el7.noarch
Apr 26 14:12:32 Installed: perl-podlators-2.5.1-3.el7.noarch
Apr 26 14:12:32 Installed: perl-Pod-Perldoc-3.20-4.el7.noarch
Apr 26 14:12:32 Installed: 1:perl-Pod-Escapes-1.04-292.el7.noarch
Apr 26 14:12:32 Installed: perl-Text-ParseWords-3.29-4.el7.noarch
Apr 26 14:12:32 Installed: perl-Encode-2.51-7.el7.x86_64
Apr 26 14:12:32 Installed: perl-Pod-Usage-1.63-3.el7.noarch
Apr 26 14:12:32 Installed: 4:perl-libs-5.16.3-292.el7.x86_64
Apr 26 14:12:32 Installed: 4:perl-macros-5.16.3-292.el7.x86_64
Apr 26 14:12:32 Installed: perl-Socket-2.010-4.el7.x86_64
Apr 26 14:12:32 Installed: perl-Storable-2.45-3.el7.x86_64
Apr 26 14:12:32 Installed: 4:perl-Time-HiRes-1.9725-3.el7.x86_64
Apr 26 14:12:32 Installed: perl-threads-1.87-4.el7.x86_64
Apr 26 14:12:32 Installed: perl-Carp-1.26-244.el7.noarch
Apr 26 14:12:33 Installed: perl-Filter-1.49-3.el7.x86_64
Apr 26 14:12:33 Installed: perl-Exporter-5.68-3.el7.noarch
Apr 26 14:12:33 Installed: perl-constant-1.27-2.el7.noarch
Apr 26 14:12:33 Installed: perl-Time-Local-1.2300-2.el7.noarch
Apr 26 14:12:33 Installed: perl-threads-shared-1.43-6.el7.x86_64
Apr 26 14:12:33 Installed: perl-File-Temp-0.23.01-3.el7.noarch
Apr 26 14:12:33 Installed: perl-File-Path-2.09-2.el7.noarch
Apr 26 14:12:33 Installed: perl-PathTools-3.40-5.el7.x86_64
Apr 26 14:12:33 Installed: perl-Scalar-List-Utils-1.27-248.el7.x86_64
Apr 26 14:12:33 Installed: 1:perl-Pod-Simple-3.28-4.el7.noarch
Apr 26 14:12:33 Installed: perl-Getopt-Long-2.40-2.el7.noarch
Apr 26 14:12:36 Installed: 4:perl-5.16.3-292.el7.x86_64
Apr 26 14:12:36 Installed: perl-Thread-Queue-3.02-2.el7.noarch
Apr 26 14:12:36 Installed: 1:perl-Error-0.17020-2.el7.noarch
Apr 26 14:12:36 Installed: perl-TermReadKey-2.30-20.el7.x86_64
Apr 26 14:12:36 Installed: perl-Data-Dumper-2.145-3.el7.x86_64
Apr 26 14:12:36 Installed: autoconf-2.69-11.el7.noarch
Apr 26 14:13:01 Installed: kernel-debug-devel-3.10.0-693.21.1.el7.x86_64
Apr 26 14:13:01 Installed: perl-XML-Parser-2.41-10.el7.x86_64
Apr 26 14:13:01 Installed: perl-Test-Harness-3.28-3.el7.noarch
Apr 26 14:13:01 Installed: automake-1.13.4-3.el7.noarch
Apr 26 14:13:02 Installed: kernel-headers-3.10.0-693.21.1.el7.x86_64
Apr 26 14:13:03 Installed: glibc-headers-2.17-196.el7_4.2.x86_64
Apr 26 14:13:03 Installed: glibc-devel-2.17-196.el7_4.2.x86_64
Apr 26 14:13:05 Installed: gcc-4.8.5-16.el7_4.2.x86_64
Apr 26 14:13:07 Installed: systemtap-devel-3.1-5.el7_4.x86_64
Apr 26 14:13:07 Installed: libquadmath-devel-4.8.5-16.el7_4.2.x86_64
Apr 26 14:13:07 Installed: pakchois-0.4-10.el7.x86_64
Apr 26 14:13:07 Installed: dwz-0.11-3.el7.x86_64
Apr 26 14:13:07 Installed: efivar-libs-31-4.el7.x86_64
Apr 26 14:13:07 Installed: mokutil-12-1.el7.centos.x86_64
Apr 26 14:13:08 Installed: libstdc++-devel-4.8.5-16.el7_4.2.x86_64
Apr 26 14:13:08 Installed: perl-srpm-macros-1-8.el7.noarch
Apr 26 14:13:08 Installed: redhat-rpm-config-9.1.0-76.el7.centos.noarch
Apr 26 14:13:08 Installed: libmodman-2.0.1-8.el7.x86_64
Apr 26 14:13:09 Installed: libproxy-0.4.11-10.el7.x86_64
Apr 26 14:13:09 Installed: elfutils-0.168-8.el7.x86_64
Apr 26 14:13:10 Installed: trousers-0.3.14-2.el7.x86_64
Apr 26 14:13:10 Installed: 1:emacs-filesystem-24.3-20.el7_4.noarch
Apr 26 14:13:10 Installed: boost-date-time-1.53.0-27.el7.x86_64
Apr 26 14:13:10 Installed: gettext-common-devel-0.19.8.1-2.el7.noarch
Apr 26 14:13:10 Installed: gdb-7.6.1-100.el7_4.1.x86_64
Apr 26 14:13:10 Installed: nettle-2.7.1-8.el7.x86_64
Apr 26 14:13:10 Installed: gnutls-3.3.26-9.el7.x86_64
Apr 26 14:13:10 Installed: neon-0.30.0-3.el7.x86_64
Apr 26 14:13:11 Installed: subversion-libs-1.7.14-11.el7_4.x86_64
Apr 26 14:13:11 Installed: libdwarf-20130207-4.el7.x86_64
Apr 26 14:13:12 Installed: dyninst-9.3.1-1.el7.x86_64
Apr 26 14:13:12 Installed: systemtap-runtime-3.1-5.el7_4.x86_64
Apr 26 14:13:14 Installed: systemtap-client-3.1-5.el7_4.x86_64
Apr 26 14:13:14 Installed: libgnome-keyring-3.12.0-1.el7.x86_64
Apr 26 14:13:16 Installed: git-1.8.3.1-12.el7_4.x86_64
Apr 26 14:13:16 Installed: perl-Git-1.8.3.1-12.el7_4.noarch
Apr 26 14:13:16 Installed: gettext-devel-0.19.8.1-2.el7.x86_64
Apr 26 14:13:16 Installed: intltool-0.50.2-7.el7.noarch
Apr 26 14:13:16 Installed: systemtap-3.1-5.el7_4.x86_64
Apr 26 14:13:17 Installed: subversion-1.7.14-11.el7_4.x86_64
Apr 26 14:13:17 Installed: rpm-build-4.11.3-25.el7.x86_64
Apr 26 14:13:17 Installed: cscope-15.8-10.el7.x86_64
Apr 26 14:13:18 Installed: gcc-c++-4.8.5-16.el7_4.2.x86_64
Apr 26 14:13:19 Installed: gcc-gfortran-4.8.5-16.el7_4.2.x86_64
Apr 26 14:13:19 Installed: libtool-2.4.2-22.el7_3.x86_64
Apr 26 14:13:19 Installed: patchutils-0.3.3-4.el7.x86_64
Apr 26 14:13:20 Installed: bison-3.0.4-1.el7.x86_64
Apr 26 14:13:20 Installed: flex-2.5.37-3.el7.x86_64
Apr 26 14:13:20 Installed: indent-2.2.11-13.el7.x86_64
Apr 26 14:13:20 Installed: ctags-5.8-13.el7.x86_64
Apr 26 14:13:20 Installed: byacc-1.9.20130304-3.el7.x86_64
Apr 26 14:13:20 Installed: rcs-5.9.0-5.el7.x86_64
Apr 26 14:13:20 Installed: diffstat-1.57-4.el7.x86_64
Apr 26 14:13:20 Installed: rpm-sign-4.11.3-25.el7.x86_64
Apr 26 14:13:21 Installed: swig-2.0.10-5.el7.x86_64
Apr 26 14:13:23 Installed: 1:doxygen-1.8.5-3.el7.x86_64
Apr 26 14:45:30 Installed: zlib-devel-1.2.7-17.el7.x86_64
Apr 26 14:45:30 Installed: elfutils-libelf-devel-0.168-8.el7.x86_64
Apr 26 14:47:28 Installed: ncurses-devel-5.9-14.20130511.el7_4.x86_64
Apr 26 14:53:30 Installed: libkadm5-1.15.1-8.el7.x86_64
Apr 26 14:53:30 Installed: libsepol-devel-2.5-6.el7.x86_64
Apr 26 14:53:30 Installed: perl-WWW-Curl-4.15-12.el7.x86_64
Apr 26 14:53:30 Installed: pcre-devel-8.32-17.el7.x86_64
Apr 26 14:53:31 Installed: libselinux-devel-2.5-11.el7.x86_64
Apr 26 14:53:31 Installed: libcom_err-devel-1.42.9-10.el7.x86_64
Apr 26 14:53:31 Installed: libverto-devel-0.2.5-4.el7.x86_64
Apr 26 14:53:31 Installed: keyutils-libs-devel-1.5.8-3.el7.x86_64
Apr 26 14:53:31 Installed: krb5-devel-1.15.1-8.el7.x86_64
Apr 26 14:53:32 Installed: 1:openssl-devel-1.0.2k-8.el7.x86_64
Apr 26 14:53:32 Installed: 1:openssl-perl-1.0.2k-8.el7.x86_64
Apr 26 14:54:30 Installed: bc-1.06.95-13.el7.x86_64
Apr 26 16:05:28 Installed: epel-release-7-9.noarch
Apr 26 16:06:18 Updated: epel-release-7-11.noarch
Apr 26 16:08:11 Installed: pciutils-3.5.1-2.el7.x86_64
Apr 26 18:12:33 Installed: kernel-devel-3.10.0-693.21.1.el7.x86_64
Apr 26 18:15:03 Installed: rpmdevtools-8.3-5.el7.noarch
Apr 26 19:00:29 Installed: gpm-libs-1.20.7-5.el7.x86_64
Apr 26 19:00:29 Installed: 2:vim-filesystem-7.4.160-2.el7.x86_64
Apr 26 19:00:31 Installed: 2:vim-common-7.4.160-2.el7.x86_64
Apr 26 19:00:31 Installed: 2:vim-enhanced-7.4.160-2.el7.x86_64
